Arguments: 
  /opt/homebrew/Cellar/node/19.6.1/bin/node /opt/homebrew/Cellar/yarn/1.22.19/libexec/bin/yarn.js add discord-api-types @discord/rest dotenv chalk@4.1.2

PATH: 
  /opt/homebrew/bin:/opt/homebrew/sbin:/usr/local/bin:/usr/bin:/bin:/usr/sbin:/sbin:/opt/homebrew/bin:/opt/homebrew/sbin:/Users/jorrin/.cargo/bin

Yarn version: 
  1.22.19

Node version: 
  19.6.1

Platform: 
  darwin arm64

Trace: 
  Error: https://registry.yarnpkg.com/@discord%2frest: Not found
      at params.callback [as _callback] (/opt/homebrew/Cellar/yarn/1.22.19/libexec/lib/cli.js:66145:18)
      at self.callback (/opt/homebrew/Cellar/yarn/1.22.19/libexec/lib/cli.js:140890:22)
      at Request.emit (node:events:512:28)
      at Request.<anonymous> (/opt/homebrew/Cellar/yarn/1.22.19/libexec/lib/cli.js:141862:10)
      at Request.emit (node:events:512:28)
      at IncomingMessage.<anonymous> (/opt/homebrew/Cellar/yarn/1.22.19/libexec/lib/cli.js:141784:12)
      at Object.onceWrapper (node:events:626:28)
      at IncomingMessage.emit (node:events:524:35)
      at endReadableNT (node:internal/streams/readable:1359:12)
      at process.processTicksAndRejections (node:internal/process/task_queues:82:21)

npm manifest: 
  {
    "name": "ConnectFour",
    "version": "1.0.0",
    "main": "src/bot.js",
    "license": "MIT" , 
   "scripts": {
    "test": "node ."
   },
    "dependencies": {
      "discord.js": "^14.15.3"
    }
  }

yarn manifest: 
  No manifest

Lockfile: 
  # THIS IS AN AUTOGENERATED FILE. DO NOT EDIT THIS FILE DIRECTLY.
  # yarn lockfile v1
  
  
  "@discordjs/builders@^1.8.2":
    version "1.8.2"
    resolved "https://registry.yarnpkg.com/@discordjs/builders/-/builders-1.8.2.tgz#535d970331ee40f20dec9ef8079e43092f323ce9"
    integrity sha512-6wvG3QaCjtMu0xnle4SoOIeFB4y6fKMN6WZfy3BMKJdQQtPLik8KGzDwBVL/+wTtcE/ZlFjgEk74GublyEVZ7g==
    dependencies:
      "@discordjs/formatters" "^0.4.0"
      "@discordjs/util" "^1.1.0"
      "@sapphire/shapeshift" "^3.9.7"
      discord-api-types "0.37.83"
      fast-deep-equal "^3.1.3"
      ts-mixer "^6.0.4"
      tslib "^2.6.2"
  
  "@discordjs/collection@1.5.3":
    version "1.5.3"
    resolved "https://registry.yarnpkg.com/@discordjs/collection/-/collection-1.5.3.tgz#5a1250159ebfff9efa4f963cfa7e97f1b291be18"
    integrity sha512-SVb428OMd3WO1paV3rm6tSjM4wC+Kecaa1EUGX7vc6/fddvw/6lg90z4QtCqm21zvVe92vMMDt9+DkIvjXImQQ==
  
  "@discordjs/collection@^2.1.0":
    version "2.1.0"
    resolved "https://registry.yarnpkg.com/@discordjs/collection/-/collection-2.1.0.tgz#f327d944ab2dcf9a1f674470a481f78a120a5e3b"
    integrity sha512-mLcTACtXUuVgutoznkh6hS3UFqYirDYAg5Dc1m8xn6OvPjetnUlf/xjtqnnc47OwWdaoCQnHmHh9KofhD6uRqw==
  
  "@discordjs/formatters@^0.4.0":
    version "0.4.0"
    resolved "https://registry.yarnpkg.com/@discordjs/formatters/-/formatters-0.4.0.tgz#066a2c2163b26ac066e6f621f17445be9690c6a9"
    integrity sha512-fJ06TLC1NiruF35470q3Nr1bi95BdvKFAF+T5bNfZJ4bNdqZ3VZ+Ttg6SThqTxm6qumSG3choxLBHMC69WXNXQ==
    dependencies:
      discord-api-types "0.37.83"
  
  "@discordjs/rest@^2.3.0":
    version "2.3.0"
    resolved "https://registry.yarnpkg.com/@discordjs/rest/-/rest-2.3.0.tgz#06d37c7fb54a9be61134b5bbb201abd760343472"
    integrity sha512-C1kAJK8aSYRv3ZwMG8cvrrW4GN0g5eMdP8AuN8ODH5DyOCbHgJspze1my3xHOAgwLJdKUbWNVyAeJ9cEdduqIg==
    dependencies:
      "@discordjs/collection" "^2.1.0"
      "@discordjs/util" "^1.1.0"
      "@sapphire/async-queue" "^1.5.2"
      "@sapphire/snowflake" "^3.5.3"
      "@vladfrangu/async_event_emitter" "^2.2.4"
      discord-api-types "0.37.83"
      magic-bytes.js "^1.10.0"
      tslib "^2.6.2"
      undici "6.13.0"
  
  "@discordjs/util@^1.1.0":
    version "1.1.0"
    resolved "https://registry.yarnpkg.com/@discordjs/util/-/util-1.1.0.tgz#dcffd2b61aab8eadd66bea67811bc34fc769bb2a"
    integrity sha512-IndcI5hzlNZ7GS96RV3Xw1R2kaDuXEp7tRIy/KlhidpN/BQ1qh1NZt3377dMLTa44xDUNKT7hnXkA/oUAzD/lg==
  
  "@discordjs/ws@^1.1.1":
    version "1.1.1"
    resolved "https://registry.yarnpkg.com/@discordjs/ws/-/ws-1.1.1.tgz#bffbfd46838258ab09054ed98ddef1a36f6507a3"
    integrity sha512-PZ+vLpxGCRtmr2RMkqh8Zp+BenUaJqlS6xhgWKEZcgC/vfHLEzpHtKkB0sl3nZWpwtcKk6YWy+pU3okL2I97FA==
    dependencies:
      "@discordjs/collection" "^2.1.0"
      "@discordjs/rest" "^2.3.0"
      "@discordjs/util" "^1.1.0"
      "@sapphire/async-queue" "^1.5.2"
      "@types/ws" "^8.5.10"
      "@vladfrangu/async_event_emitter" "^2.2.4"
      discord-api-types "0.37.83"
      tslib "^2.6.2"
      ws "^8.16.0"
  
  "@sapphire/async-queue@^1.5.2":
    version "1.5.2"
    resolved "https://registry.yarnpkg.com/@sapphire/async-queue/-/async-queue-1.5.2.tgz#2982dce16e5b8b1ea792604d20c23c0585877b97"
    integrity sha512-7X7FFAA4DngXUl95+hYbUF19bp1LGiffjJtu7ygrZrbdCSsdDDBaSjB7Akw0ZbOu6k0xpXyljnJ6/RZUvLfRdg==
  
  "@sapphire/shapeshift@^3.9.7":
    version "3.9.7"
    resolved "https://registry.yarnpkg.com/@sapphire/shapeshift/-/shapeshift-3.9.7.tgz#43e23243cac8a0c046bf1e73baf3dbf407d33a0c"
    integrity sha512-4It2mxPSr4OGn4HSQWGmhFMsNFGfFVhWeRPCRwbH972Ek2pzfGRZtb0pJ4Ze6oIzcyh2jw7nUDa6qGlWofgd9g==
    dependencies:
      fast-deep-equal "^3.1.3"
      lodash "^4.17.21"
  
  "@sapphire/snowflake@3.5.3", "@sapphire/snowflake@^3.5.3":
    version "3.5.3"
    resolved "https://registry.yarnpkg.com/@sapphire/snowflake/-/snowflake-3.5.3.tgz#0c102aa2ec5b34f806e9bc8625fc6a5e1d0a0c6a"
    integrity sha512-jjmJywLAFoWeBi1W7994zZyiNWPIiqRRNAmSERxyg93xRGzNYvGjlZ0gR6x0F4gPRi2+0O6S71kOZYyr3cxaIQ==
  
  "@types/node@*":
    version "20.14.9"
    resolved "https://registry.yarnpkg.com/@types/node/-/node-20.14.9.tgz#12e8e765ab27f8c421a1820c99f5f313a933b420"
    integrity sha512-06OCtnTXtWOZBJlRApleWndH4JsRVs1pDCc8dLSQp+7PpUpX3ePdHyeNSFTeSe7FtKyQkrlPvHwJOW3SLd8Oyg==
    dependencies:
      undici-types "~5.26.4"
  
  "@types/ws@^8.5.10":
    version "8.5.10"
    resolved "https://registry.yarnpkg.com/@types/ws/-/ws-8.5.10.tgz#4acfb517970853fa6574a3a6886791d04a396787"
    integrity sha512-vmQSUcfalpIq0R9q7uTo2lXs6eGIpt9wtnLdMv9LVpIjCA/+ufZRozlVoVelIYixx1ugCBKDhn89vnsEGOCx9A==
    dependencies:
      "@types/node" "*"
  
  "@vladfrangu/async_event_emitter@^2.2.4":
    version "2.4.1"
    resolved "https://registry.yarnpkg.com/@vladfrangu/async_event_emitter/-/async_event_emitter-2.4.1.tgz#473ac36b0ab2f76897510db71e3a5c3490eb584e"
    integrity sha512-cedU1DrzO4oliUigSAOqSgts6wEfGGSbpO1hYxvKbz8sr7a0meyP3GxnL6hIUtBK0nMG6zHfIYWcqOIb+MRI7w==
  
  discord-api-types@0.37.83:
    version "0.37.83"
    resolved "https://registry.yarnpkg.com/discord-api-types/-/discord-api-types-0.37.83.tgz#a22a799729ceded8176ea747157837ddf4708b1f"
    integrity sha512-urGGYeWtWNYMKnYlZnOnDHm8fVRffQs3U0SpE8RHeiuLKb/u92APS8HoQnPTFbnXmY1vVnXjXO4dOxcAn3J+DA==
  
  discord.js@^14.15.3:
    version "14.15.3"
    resolved "https://registry.yarnpkg.com/discord.js/-/discord.js-14.15.3.tgz#b2a67a1a4ef192be498fb8b6784224a42906f1be"
    integrity sha512-/UJDQO10VuU6wQPglA4kz2bw2ngeeSbogiIPx/TsnctfzV/tNf+q+i1HlgtX1OGpeOBpJH9erZQNO5oRM2uAtQ==
    dependencies:
      "@discordjs/builders" "^1.8.2"
      "@discordjs/collection" "1.5.3"
      "@discordjs/formatters" "^0.4.0"
      "@discordjs/rest" "^2.3.0"
      "@discordjs/util" "^1.1.0"
      "@discordjs/ws" "^1.1.1"
      "@sapphire/snowflake" "3.5.3"
      discord-api-types "0.37.83"
      fast-deep-equal "3.1.3"
      lodash.snakecase "4.1.1"
      tslib "2.6.2"
      undici "6.13.0"
  
  fast-deep-equal@3.1.3, fast-deep-equal@^3.1.3:
    version "3.1.3"
    resolved "https://registry.yarnpkg.com/fast-deep-equal/-/fast-deep-equal-3.1.3.tgz#3a7d56b559d6cbc3eb512325244e619a65c6c525"
    integrity sha512-f3qQ9oQy9j2AhBe/H9VC91wLmKBCCU/gDOnKNAYG5hswO7BLKj09Hc5HYNz9cGI++xlpDCIgDaitVs03ATR84Q==
  
  lodash.snakecase@4.1.1:
    version "4.1.1"
    resolved "https://registry.yarnpkg.com/lodash.snakecase/-/lodash.snakecase-4.1.1.tgz#39d714a35357147837aefd64b5dcbb16becd8f8d"
    integrity sha512-QZ1d4xoBHYUeuouhEq3lk3Uq7ldgyFXGBhg04+oRLnIz8o9T65Eh+8YdroUwn846zchkA9yDsDl5CVVaV2nqYw==
  
  lodash@^4.17.21:
    version "4.17.21"
    resolved "https://registry.yarnpkg.com/lodash/-/lodash-4.17.21.tgz#679591c564c3bffaae8454cf0b3df370c3d6911c"
    integrity sha512-v2kDEe57lecTulaDIuNTPy3Ry4gLGJ6Z1O3vE1krgXZNrsQ+LFTGHVxVjcXPs17LhbZVGedAJv8XZ1tvj5FvSg==
  
  magic-bytes.js@^1.10.0:
    version "1.10.0"
    resolved "https://registry.yarnpkg.com/magic-bytes.js/-/magic-bytes.js-1.10.0.tgz#c41cf4bc2f802992b05e64962411c9dd44fdef92"
    integrity sha512-/k20Lg2q8LE5xiaaSkMXk4sfvI+9EGEykFS4b0CHHGWqDYU0bGUFSwchNOMA56D7TCs9GwVTkqe9als1/ns8UQ==
  
  ts-mixer@^6.0.4:
    version "6.0.4"
    resolved "https://registry.yarnpkg.com/ts-mixer/-/ts-mixer-6.0.4.tgz#1da39ceabc09d947a82140d9f09db0f84919ca28"
    integrity sha512-ufKpbmrugz5Aou4wcr5Wc1UUFWOLhq+Fm6qa6P0w0K5Qw2yhaUoiWszhCVuNQyNwrlGiscHOmqYoAox1PtvgjA==
  
  tslib@2.6.2:
    version "2.6.2"
    resolved "https://registry.yarnpkg.com/tslib/-/tslib-2.6.2.tgz#703ac29425e7b37cd6fd456e92404d46d1f3e4ae"
    integrity sha512-AEYxH93jGFPn/a2iVAwW87VuUIkR1FVUKB77NwMF7nBTDkDrrT/Hpt/IrCJ0QXhW27jTBDcf5ZY7w6RiqTMw2Q==
  
  tslib@^2.6.2:
    version "2.6.3"
    resolved "https://registry.yarnpkg.com/tslib/-/tslib-2.6.3.tgz#0438f810ad7a9edcde7a241c3d80db693c8cbfe0"
    integrity sha512-xNvxJEOUiWPGhUuUdQgAJPKOOJfGnIyKySOc09XkKsgdUV/3E2zvwZYdejjmRgPCgcym1juLH3226yA7sEFJKQ==
  
  undici-types@~5.26.4:
    version "5.26.5"
    resolved "https://registry.yarnpkg.com/undici-types/-/undici-types-5.26.5.tgz#bcd539893d00b56e964fd2657a4866b221a65617"
    integrity sha512-JlCMO+ehdEIKqlFxk6IfVoAUVmgz7cU7zD/h9XZ0qzeosSHmUJVOzSQvvYSYWXkFXC+IfLKSIffhv0sVZup6pA==
  
  undici@6.13.0:
    version "6.13.0"
    resolved "https://registry.yarnpkg.com/undici/-/undici-6.13.0.tgz#7edbf4b7f3aac5f8a681d515151bf55cb3589d72"
    integrity sha512-Q2rtqmZWrbP8nePMq7mOJIN98M0fYvSgV89vwl/BQRT4mDOeY2GXZngfGpcBBhtky3woM7G24wZV3Q304Bv6cw==
  
  ws@^8.16.0:
    version "8.17.1"
    resolved "https://registry.yarnpkg.com/ws/-/ws-8.17.1.tgz#9293da530bb548febc95371d90f9c878727d919b"
    integrity sha512-6XQFvXTkbfUOZOKKILFG1PDK2NDQs4azKQl26T0YS5CxqWLgXajbPZ+h4gZekJyRqFU8pvnbAbbs/3TgRPy+GQ==
